<?xml version="1.0" encoding="UTF-8"?>
<!-- Generated by org.testng.reporters.JUnitReportReporter -->
<testsuite skipped="0" hostname="DESKTOP-AAJ1JRT" name="rest.HelloWorldTest" tests="1" failures="0" timestamp="15 июн 2022 12:46:55 GMT" time="0.004" errors="0">
  <testcase name="test1" time="0.004" classname="rest.HelloWorldTest"/>
</testsuite> <!-- rest.HelloWorldTest -->
