<?xml version="1.0" encoding="UTF-8"?>
<!-- Generated by org.testng.reporters.JUnitReportReporter -->
<testsuite skipped="0" hostname="DESKTOP-AAJ1JRT" name="HelloWorldTest" tests="1" failures="0" timestamp="15 июн 2022 14:16:58 GMT" time="0.004" errors="0">
  <testcase name="test1" time="0.004" classname="HelloWorldTest"/>
</testsuite> <!-- HelloWorldTest -->
